<?xml version="1.0" encoding="UTF-8"?>
<!-- Generated by org.testng.reporters.JUnitXMLReporter -->
<testsuite ignored="0" hostname="DESKTOP-B6PR29P" failures="1" tests="3" name="Test case 1" time="22.003" errors="0" timestamp="2022-03-20T13:01:01 IST">
  <testcase classname="com.selenium.testcase_fd.Fixeddeposite_test" name="fixeddeposite_1lakh" time="7.335"/>
  <testcase classname="com.selenium.testcase_fd.Fixeddeposite_test" name="fixeddeposite_2lakh" time="4.005"/>
  <testcase classname="com.selenium.testcase_fd.Fixeddeposite_test" name="fixeddeposite_3lakh" time="4.857">
    <failure type="java.lang.AssertionError" message="expected [396000.00] but found [354000.00]">
      <![CDATA[java.lang.AssertionError: expected [396000.00] but found [354000.00]
at com.selenium.testcase_fd.Fixeddeposite_test.fixeddeposite_3lakh(Fixeddeposite_test.java:93)
at java.base/java.util.ArrayList.forEach(ArrayList.java:1511)
... Removed 33 stack frames]]>
    </failure>
  </testcase> <!-- fixeddeposite_3lakh -->
</testsuite> <!-- Test case 1 -->
